빌드 시작: 2019-10-29 오후 11:09:25
     1>2 노드의 "F:\Git\Cpp_StarCraft_Imitation_Project\Cpp_StarCraft_Imitation_Project\Cpp_StarCraft_Imitation_Project\Cpp_StarCraft_Imitation_Project.vcxproj" 프로젝트(Build 대상)입니다.
     1>ClCompile:
         C:\Program Files (x86)\Microsoft Visual Studio 11.0\VC\bin\CL.exe /c /ZI /nologo /W3 /WX- /Od /Oy- /D WIN32 /D _WINDOWS /D _DEBUG /D _UNICODE /D UNICODE /D _AFXDLL /Gm /EHsc /RTC1 /MDd /GS /fp:precise /Zc:wchar_t /Zc:forScope /Yu"stdafx.h" /Fp"Debug\Cpp_StarCraft_Imitation_Project.pch" /Fo"Debug\\" /Fd"Debug\vc110.pdb" /Gd /TP /analyze- /errorReport:prompt Building.cpp Cpp_StarCraft_Imitation_Project.cpp Cpp_StarCraft_Imitation_ProjectDoc.cpp Cpp_StarCraft_Imitation_ProjectView.cpp Obj.cpp Unit.cpp
         Cpp_StarCraft_Imitation_ProjectDoc.cpp
         코드를 생성하고 있습니다...
         건너뛰고 있습니다... (관련된 변경 내용 없음)
         Unit.cpp
         Obj.cpp
         Cpp_StarCraft_Imitation_ProjectView.cpp
         Cpp_StarCraft_Imitation_Project.cpp
         Building.cpp
       Link:
         C:\Program Files (x86)\Microsoft Visual Studio 11.0\VC\bin\link.exe /ERRORREPORT:PROMPT /OUT:"F:\Git\Cpp_StarCraft_Imitation_Project\Cpp_StarCraft_Imitation_Project\Debug\Cpp_StarCraft_Imitation_Project.exe" /INCREMENTAL /NOLOGO /MANIFEST /MANIFESTUAC:"level='asInvoker' uiAccess='false'" /manifest:embed /manifestinput:"C:\Program Files (x86)\Microsoft Visual Studio 11.0\VC\Include\Manifest\dpiaware.manifest" /DEBUG /PDB:"F:\Git\Cpp_StarCraft_Imitation_Project\Cpp_StarCraft_Imitation_Project\Debug\Cpp_StarCraft_Imitation_Project.pdb" /SUBSYSTEM:WINDOWS /TLBID:1 /ENTRY:"wWinMainCRTStartup" /DYNAMICBASE /NXCOMPAT /IMPLIB:"F:\Git\Cpp_StarCraft_Imitation_Project\Cpp_StarCraft_Imitation_Project\Debug\Cpp_StarCraft_Imitation_Project.lib" /MACHINE:X86 Debug\Cpp_StarCraft_Imitation_Project.res
         Debug\Building.obj
         Debug\Cpp_StarCraft_Imitation_Project.obj
         Debug\Cpp_StarCraft_Imitation_ProjectDoc.obj
         Debug\Cpp_StarCraft_Imitation_ProjectView.obj
         Debug\MainFrm.obj
         Debug\MainGame.obj
         Debug\Obj.obj
         Debug\stdafx.obj
         Debug\Unit.obj
     1>Building.obj : warning LNK4258: '/entry:WinMainCRTStartup' 지시문은 '/ENTRY:wWinMainCRTStartup' 스위치와 호환되지 않습니다. 무시됩니다.
     1>Cpp_StarCraft_Imitation_Project.obj : warning LNK4258: '/entry:WinMainCRTStartup' 지시문은 '/ENTRY:wWinMainCRTStartup' 스위치와 호환되지 않습니다. 무시됩니다.
     1>Cpp_StarCraft_Imitation_ProjectDoc.obj : warning LNK4258: '/entry:WinMainCRTStartup' 지시문은 '/ENTRY:wWinMainCRTStartup' 스위치와 호환되지 않습니다. 무시됩니다.
     1>Cpp_StarCraft_Imitation_ProjectView.obj : warning LNK4258: '/entry:WinMainCRTStartup' 지시문은 '/ENTRY:wWinMainCRTStartup' 스위치와 호환되지 않습니다. 무시됩니다.
     1>MainFrm.obj : warning LNK4258: '/entry:WinMainCRTStartup' 지시문은 '/ENTRY:wWinMainCRTStartup' 스위치와 호환되지 않습니다. 무시됩니다.
     1>MainGame.obj : warning LNK4258: '/entry:WinMainCRTStartup' 지시문은 '/ENTRY:wWinMainCRTStartup' 스위치와 호환되지 않습니다. 무시됩니다.
     1>Obj.obj : warning LNK4258: '/entry:WinMainCRTStartup' 지시문은 '/ENTRY:wWinMainCRTStartup' 스위치와 호환되지 않습니다. 무시됩니다.
     1>stdafx.obj : warning LNK4258: '/entry:WinMainCRTStartup' 지시문은 '/ENTRY:wWinMainCRTStartup' 스위치와 호환되지 않습니다. 무시됩니다.
     1>Unit.obj : warning LNK4258: '/entry:WinMainCRTStartup' 지시문은 '/ENTRY:wWinMainCRTStartup' 스위치와 호환되지 않습니다. 무시됩니다.
     1>Cpp_StarCraft_Imitation_ProjectDoc.obj : error LNK2001: "private: static class std::list<class CObj *,class std::allocator<class CObj *> > CObj::li_Obj" (?li_Obj@CObj@@0V?$list@PAVCObj@@V?$allocator@PAVCObj@@@std@@@std@@A) 외부 기호를 확인할 수 없습니다.
     1>F:\Git\Cpp_StarCraft_Imitation_Project\Cpp_StarCraft_Imitation_Project\Debug\Cpp_StarCraft_Imitation_Project.exe : fatal error LNK1120: 1개의 확인할 수 없는 외부 참조입니다.
     1>"F:\Git\Cpp_StarCraft_Imitation_Project\Cpp_StarCraft_Imitation_Project\Cpp_StarCraft_Imitation_Project\Cpp_StarCraft_Imitation_Project.vcxproj" 프로젝트를 빌드했습니다(Build 대상). - 실패

빌드하지 못했습니다.

경과 시간: 00:00:01.28
