F:\GIT\CPP_STARCRAFT_IMITATION_PROJECT\CPP_STARCRAFT_IMITATION_PROJECT\CPP_STARCRAFT_IMITATION_PROJECT\DEBUG\CPP_STARCRAFT_IMITATION_PROJECT.PCH
F:\GIT\CPP_STARCRAFT_IMITATION_PROJECT\CPP_STARCRAFT_IMITATION_PROJECT\CPP_STARCRAFT_IMITATION_PROJECT\DEBUG\STDAFX.OBJ
F:\GIT\CPP_STARCRAFT_IMITATION_PROJECT\CPP_STARCRAFT_IMITATION_PROJECT\CPP_STARCRAFT_IMITATION_PROJECT\DEBUG\VC110.PDB
F:\GIT\CPP_STARCRAFT_IMITATION_PROJECT\CPP_STARCRAFT_IMITATION_PROJECT\CPP_STARCRAFT_IMITATION_PROJECT\DEBUG\CPP_STARCRAFT_IMITATION_PROJECT.OBJ
F:\GIT\CPP_STARCRAFT_IMITATION_PROJECT\CPP_STARCRAFT_IMITATION_PROJECT\CPP_STARCRAFT_IMITATION_PROJECT\DEBUG\CPP_STARCRAFT_IMITATION_PROJECTDOC.OBJ
F:\GIT\CPP_STARCRAFT_IMITATION_PROJECT\CPP_STARCRAFT_IMITATION_PROJECT\CPP_STARCRAFT_IMITATION_PROJECT\DEBUG\CPP_STARCRAFT_IMITATION_PROJECTVIEW.OBJ
F:\GIT\CPP_STARCRAFT_IMITATION_PROJECT\CPP_STARCRAFT_IMITATION_PROJECT\CPP_STARCRAFT_IMITATION_PROJECT\DEBUG\MAINFRM.OBJ
F:\GIT\CPP_STARCRAFT_IMITATION_PROJECT\CPP_STARCRAFT_IMITATION_PROJECT\CPP_STARCRAFT_IMITATION_PROJECT\DEBUG\OBJ.OBJ
F:\GIT\CPP_STARCRAFT_IMITATION_PROJECT\CPP_STARCRAFT_IMITATION_PROJECT\CPP_STARCRAFT_IMITATION_PROJECT\DEBUG\BUILDING.OBJ
F:\GIT\CPP_STARCRAFT_IMITATION_PROJECT\CPP_STARCRAFT_IMITATION_PROJECT\CPP_STARCRAFT_IMITATION_PROJECT\DEBUG\UNIT.OBJ
F:\GIT\CPP_STARCRAFT_IMITATION_PROJECT\CPP_STARCRAFT_IMITATION_PROJECT\CPP_STARCRAFT_IMITATION_PROJECT\DEBUG\MAINGAME.OBJ
F:\GIT\CPP_STARCRAFT_IMITATION_PROJECT\CPP_STARCRAFT_IMITATION_PROJECT\CPP_STARCRAFT_IMITATION_PROJECT\DEBUG\CPP_STARCRAFT_IMITATION_PROJECT.RES
F:\Git\Cpp_StarCraft_Imitation_Project\Cpp_StarCraft_Imitation_Project\Cpp_StarCraft_Imitation_Project\Debug\Building.obj
F:\Git\Cpp_StarCraft_Imitation_Project\Cpp_StarCraft_Imitation_Project\Cpp_StarCraft_Imitation_Project\Debug\Cpp_StarCraft_Imitation_Project.obj
F:\Git\Cpp_StarCraft_Imitation_Project\Cpp_StarCraft_Imitation_Project\Cpp_StarCraft_Imitation_Project\Debug\Cpp_StarCraft_Imitation_ProjectDoc.obj
F:\Git\Cpp_StarCraft_Imitation_Project\Cpp_StarCraft_Imitation_Project\Cpp_StarCraft_Imitation_Project\Debug\Cpp_StarCraft_Imitation_ProjectView.obj
F:\Git\Cpp_StarCraft_Imitation_Project\Cpp_StarCraft_Imitation_Project\Cpp_StarCraft_Imitation_Project\Debug\MainFrm.obj
F:\Git\Cpp_StarCraft_Imitation_Project\Cpp_StarCraft_Imitation_Project\Cpp_StarCraft_Imitation_Project\Debug\MainGame.obj
F:\Git\Cpp_StarCraft_Imitation_Project\Cpp_StarCraft_Imitation_Project\Cpp_StarCraft_Imitation_Project\Debug\Obj.obj
F:\Git\Cpp_StarCraft_Imitation_Project\Cpp_StarCraft_Imitation_Project\Cpp_StarCraft_Imitation_Project\Debug\stdafx.obj
F:\Git\Cpp_StarCraft_Imitation_Project\Cpp_StarCraft_Imitation_Project\Cpp_StarCraft_Imitation_Project\Debug\Unit.obj
F:\Git\Cpp_StarCraft_Imitation_Project\Cpp_StarCraft_Imitation_Project\Cpp_StarCraft_Imitation_Project\Debug\cl.command.1.tlog
F:\Git\Cpp_StarCraft_Imitation_Project\Cpp_StarCraft_Imitation_Project\Cpp_StarCraft_Imitation_Project\Debug\CL.read.1.tlog
F:\Git\Cpp_StarCraft_Imitation_Project\Cpp_StarCraft_Imitation_Project\Cpp_StarCraft_Imitation_Project\Debug\CL.write.1.tlog
F:\Git\Cpp_StarCraft_Imitation_Project\Cpp_StarCraft_Imitation_Project\Cpp_StarCraft_Imitation_Project\Debug\link-cvtres.read.1.tlog
F:\Git\Cpp_StarCraft_Imitation_Project\Cpp_StarCraft_Imitation_Project\Cpp_StarCraft_Imitation_Project\Debug\link-cvtres.write.1.tlog
F:\Git\Cpp_StarCraft_Imitation_Project\Cpp_StarCraft_Imitation_Project\Cpp_StarCraft_Imitation_Project\Debug\link-mt.read.1.tlog
F:\Git\Cpp_StarCraft_Imitation_Project\Cpp_StarCraft_Imitation_Project\Cpp_StarCraft_Imitation_Project\Debug\link-mt.write.1.tlog
F:\Git\Cpp_StarCraft_Imitation_Project\Cpp_StarCraft_Imitation_Project\Cpp_StarCraft_Imitation_Project\Debug\link-rc.read.1.tlog
F:\Git\Cpp_StarCraft_Imitation_Project\Cpp_StarCraft_Imitation_Project\Cpp_StarCraft_Imitation_Project\Debug\link-rc.write.1.tlog
F:\Git\Cpp_StarCraft_Imitation_Project\Cpp_StarCraft_Imitation_Project\Cpp_StarCraft_Imitation_Project\Debug\link.command.1.tlog
F:\Git\Cpp_StarCraft_Imitation_Project\Cpp_StarCraft_Imitation_Project\Cpp_StarCraft_Imitation_Project\Debug\link.read.1.tlog
F:\Git\Cpp_StarCraft_Imitation_Project\Cpp_StarCraft_Imitation_Project\Cpp_StarCraft_Imitation_Project\Debug\link.write.1.tlog
F:\Git\Cpp_StarCraft_Imitation_Project\Cpp_StarCraft_Imitation_Project\Cpp_StarCraft_Imitation_Project\Debug\rc.command.1.tlog
F:\Git\Cpp_StarCraft_Imitation_Project\Cpp_StarCraft_Imitation_Project\Cpp_StarCraft_Imitation_Project\Debug\rc.read.1.tlog
F:\Git\Cpp_StarCraft_Imitation_Project\Cpp_StarCraft_Imitation_Project\Cpp_StarCraft_Imitation_Project\Debug\rc.write.1.tlog
F:\Git\Cpp_StarCraft_Imitation_Project\Cpp_StarCraft_Imitation_Project\Cpp_StarCraft_Imitation_Project\Debug\Cpp_StarCraft_Imitation_Project.res
F:\Git\Cpp_StarCraft_Imitation_Project\Cpp_StarCraft_Imitation_Project\Cpp_StarCraft_Imitation_Project\Debug\Cpp_StarCraft_Imitation_Project.pch
F:\Git\Cpp_StarCraft_Imitation_Project\Cpp_StarCraft_Imitation_Project\Cpp_StarCraft_Imitation_Project\Debug\vc110.idb
F:\Git\Cpp_StarCraft_Imitation_Project\Cpp_StarCraft_Imitation_Project\Cpp_StarCraft_Imitation_Project\Debug\vc110.pdb
F:\Git\Cpp_StarCraft_Imitation_Project\Cpp_StarCraft_Imitation_Project\Debug\Cpp_StarCraft_Imitation_Project.pdb
